<?xml version="1.0" encoding="UTF-8"?>
<testng-results ignored="0" total="1" passed="1" failed="0" skipped="0">
  <reporter-output>
  </reporter-output>
  <suite started-at="2024-10-25T16:44:15 IST" name="Default suite" finished-at="2024-10-25T16:44:36 IST" duration-ms="20942">
    <groups>
    </groups>
    <test started-at="2024-10-25T16:44:15 IST" name="Default test" finished-at="2024-10-25T16:44:36 IST" duration-ms="20942">
      <class name="Fil2.Runpage">
        <test-method is-config="true" signature="setup()[pri:0, instance:Fil2.Runpage@783a467b]" started-at="2024-10-25T16:44:15 IST" name="setup" finished-at="2024-10-25T16:44:25 IST" duration-ms="10702" status="PASS">
          <reporter-output>
          </reporter-output>
        </test-method> <!-- setup -->
        <test-method signature="loginapp()[pri:0, instance:Fil2.Runpage@783a467b]" started-at="2024-10-25T16:44:25 IST" name="loginapp" finished-at="2024-10-25T16:44:32 IST" duration-ms="6801" status="PASS">
          <reporter-output>
          </reporter-output>
        </test-method> <!-- loginapp -->
        <test-method is-config="true" signature="teardown()[pri:0, instance:Fil2.Runpage@783a467b]" started-at="2024-10-25T16:44:32 IST" name="teardown" finished-at="2024-10-25T16:44:36 IST" duration-ms="3349" status="PASS">
          <reporter-output>
          </reporter-output>
        </test-method> <!-- teardown -->
      </class> <!-- Fil2.Runpage -->
    </test> <!-- Default test -->
  </suite> <!-- Default suite -->
</testng-results>
